ISM auxdir: /home/luss/project/eodp_students/auxiliary
ISM indir: /home/luss/project/eodp_data/EODP-TS-ISM/input/gradient_alt100_act150
ISM outdir: /home/luss/project/eodp_students/output/ism
2020-11-09 23:14:11,091 - ISM - INFO     - Start of the Instrument Module
sgm_toa.nc
Reading /home/luss/project/eodp_data/EODP-TS-ISM/input/gradient_alt100_act150/sgm_toa.nc
Size of cube (100, 150, 600)
2020-11-09 23:14:11,178 - ISM - INFO     - Start of BAND VNIR-0
2020-11-09 23:14:11,181 - ISM - INFO     - EODP-ALG-ISM-1000: Optical stage
2020-11-09 23:14:11,181 - ISM - INFO     - EODP-ALG-ISM-1010: Spectral modelling. ISRF
Reading /home/luss/project/eodp_students/auxiliary//isrf/ISRF_VNIR-0.nc
2020-11-09 23:14:15,967 - ISM - DEBUG    - TOA [0,0] 0.0 [e-]
Finished writting: /home/luss/project/eodp_students/output/ism/ism_toa_isrf_VNIR-0.nc
2020-11-09 23:14:15,982 - ISM - INFO     - EODP-ALG-ISM-1020: Radiances to Irradiances
2020-11-09 23:14:15,983 - ISM - DEBUG    - TOA [0,0] 0.0 [e-]
2020-11-09 23:14:15,983 - ISM - INFO     - EODP-ALG-ISM-1030: Spatial modelling. PSF/MTF
2020-11-09 23:14:15,984 - ISM - INFO     - Calculation of the System MTF
2020-11-09 23:14:15,984 - ISM - DEBUG    - Calculation of 2D relative frequencies
2020-11-09 23:14:15,985 - ISM - DEBUG    - Calculation of the diffraction MTF
2020-11-09 23:14:16,002 - ISM - DEBUG    - Calculation of the Sysmtem MTF by multiplying the different contributors
2020-11-09 23:14:16,499 - ISM - DEBUG    - Saved image /home/luss/project/eodp_students/output/ism//system_mtf_cutAct_VNIR-0
2020-11-09 23:14:16,884 - ISM - DEBUG    - Saved image /home/luss/project/eodp_students/output/ism//system_mtf_cutAlt_VNIR-0
2020-11-09 23:14:17,343 - ISM - DEBUG    - TOA [0,0] 1.459644182179885 [e-]
Finished writting: /home/luss/project/eodp_students/output/ism/ism_toa_optical_VNIR-0.nc
Saved image /home/luss/project/eodp_students/output/ism//ism_toa_optical_VNIR-0_alt50
2020-11-09 23:14:18,048 - ISM - INFO     - EODP-ALG-ISM-2000: Detection stage
2020-11-09 23:14:18,048 - ISM - INFO     - EODP-ALG-ISM-2010: Irradiances to Photons
2020-11-09 23:14:18,048 - ISM - DEBUG    - TOA [0,0] 21776001.149018105 [ph]
2020-11-09 23:14:18,049 - ISM - INFO     - EODP-ALG-ISM-2030: Photons to Electrons
2020-11-09 23:14:18,049 - ISM - DEBUG    - TOA [0,0] 17420800.919214483 [e-]
Finished writting: /home/luss/project/eodp_students/output/ism/ism_toa_e_VNIR-0.nc
2020-11-09 23:14:18,063 - ISM - INFO     - EODP-ALG-ISM-2020: PRNU
2020-11-09 23:14:18,064 - ISM - DEBUG    - TOA [0,0] 18962821.925583158 [e-]
Finished writting: /home/luss/project/eodp_students/output/ism/ism_toa_prnu_VNIR-0.nc
2020-11-09 23:14:18,076 - ISM - INFO     - EODP-ALG-ISM-2020: Dark signal
2020-11-09 23:14:18,081 - ISM - DEBUG    - Dark signal Sd [3385.82975024 3735.88697289 3859.72221426 3531.34855092 3640.82333069
 3680.04856768 3396.2860338  3126.73407608 3524.49293881 3020.33256096
 3143.97254185 3069.5632302  3213.23892282 3490.81815595 3755.87598783
 3191.76954656 3473.26274191 3349.84375346 3549.02463606 3785.50937829
 3114.96212657 3175.71204214 3301.7438837  3507.03254672 3057.05459184
 3003.38974687 3242.17612296 3248.78766356 3320.57242829 3333.52589593
 3039.27093766 3066.43204347 2996.50350566 3924.28428544 3772.16376196
 3296.29246868 3101.83647727 3259.05647059 3865.61786889 3278.20762524
 3149.09866846 3118.64098508 3197.03496183 4108.83666918 3230.11769055
 3286.44298773 3314.95383125 3539.81892347 3769.22483656 3070.4945822
 3737.55540364 3144.82996867 3409.85275367 3659.69012133 3938.31547984
 3503.33087969 3477.62151548 3996.66944833 3895.14461313 3584.22021282
 3110.09415754 3768.32854087 3713.21713705 3302.9188875  3766.20795994
 3810.37620622 3406.6237271  3137.82990465 3497.97919347 3744.94866739
 3525.05401182 3144.21139658 4097.64461968 3369.80937585 3386.26791785
 3521.4093347  3390.60405566 3137.53719002 3535.90022895 3335.29514233
 3434.68827037 3132.39175185 3109.59796883 3866.49161629 3807.50472549
 3408.42064822 3230.33991011 3216.18995658 3764.94869456 3554.08534628
 3009.11060497 3120.29562097 3095.88808556 3217.67384545 3267.6989949
 3260.48864428 3902.54677269 3405.82137474 3156.46215935 3521.08077445
 3106.21271228 3547.14813059 3522.0198641  3541.60730479 3237.02243795
 3766.89652625 3082.74306869 3831.65263522 3122.6820311  4514.05525463
 3537.22645767 3542.20745623 3849.34938088 4018.05379298 3346.30726872
 3318.24279573 3191.34736093 3199.97245441 3541.69922257 3334.79943099
 3158.185085   3980.52927256 3138.9420573  3677.60721886 3635.10938743
 3296.67830653 3520.65766874 3561.26600011 3694.26667287 3372.30773973
 3327.43861756 3408.0188091  4259.08060705 3201.98922967 3357.32332815
 3747.23942792 3578.39710951 3985.20126906 3908.41554308 3328.86967715
 3356.5141717  3602.55767404 3385.7203532  3290.54119244 3425.75457999
 3484.43285352 4410.56757661 3289.47195668 3264.43583192 3279.6277665 ] [e-]
2020-11-09 23:14:18,082 - ISM - DEBUG    - TOA [0,0] 18966207.7553334 [e-]
Finished writting: /home/luss/project/eodp_students/output/ism/ism_toa_ds_VNIR-0.nc
2020-11-09 23:14:18,095 - ISM - INFO     - EODP-ALG-ISM-2050: Bad/dead pixels
Finished writting: /home/luss/project/eodp_students/output/ism/ism_toa_detection_VNIR-0.nc
Saved image /home/luss/project/eodp_students/output/ism//ism_toa_detection_VNIR-0_alt50
2020-11-09 23:14:18,787 - ISM - INFO     - EODP-ALG-ISM-3000: Video Chain
2020-11-09 23:14:18,787 - ISM - INFO     - EODP-ALG-ISM-3010: Electrons to Voltage – Read-out and Amplification
2020-11-09 23:14:18,787 - ISM - DEBUG    - TOA [0,0] 57.353812252128215 [V]
2020-11-09 23:14:18,788 - ISM - INFO     - EODP-ALG-ISM-3020: Voltage to Digital Numbers – Digitisation
2020-11-09 23:14:18,835 - ISM - DEBUG    - TOA [0,0] 4095.0 [DN]
Saved image /home/luss/project/eodp_students/output/ism//ism_toa_vcu_VNIR-0_alt50
Finished writting: /home/luss/project/eodp_students/output/ism/ism_toa_VNIR-0.nc
2020-11-09 23:14:19,474 - ISM - INFO     - End of BAND VNIR-0
2020-11-09 23:14:19,475 - ISM - INFO     - Start of BAND VNIR-1
2020-11-09 23:14:19,480 - ISM - INFO     - EODP-ALG-ISM-1000: Optical stage
2020-11-09 23:14:19,481 - ISM - INFO     - EODP-ALG-ISM-1010: Spectral modelling. ISRF
Reading /home/luss/project/eodp_students/auxiliary//isrf/ISRF_VNIR-1.nc
2020-11-09 23:14:24,541 - ISM - DEBUG    - TOA [0,0] 0.0 [e-]
Finished writting: /home/luss/project/eodp_students/output/ism/ism_toa_isrf_VNIR-1.nc
2020-11-09 23:14:24,550 - ISM - INFO     - EODP-ALG-ISM-1020: Radiances to Irradiances
2020-11-09 23:14:24,551 - ISM - DEBUG    - TOA [0,0] 0.0 [e-]
2020-11-09 23:14:24,551 - ISM - INFO     - EODP-ALG-ISM-1030: Spatial modelling. PSF/MTF
2020-11-09 23:14:24,551 - ISM - INFO     - Calculation of the System MTF
2020-11-09 23:14:24,552 - ISM - DEBUG    - Calculation of 2D relative frequencies
2020-11-09 23:14:24,552 - ISM - DEBUG    - Calculation of the diffraction MTF
2020-11-09 23:14:24,565 - ISM - DEBUG    - Calculation of the Sysmtem MTF by multiplying the different contributors
2020-11-09 23:14:24,916 - ISM - DEBUG    - Saved image /home/luss/project/eodp_students/output/ism//system_mtf_cutAct_VNIR-1
2020-11-09 23:14:25,265 - ISM - DEBUG    - Saved image /home/luss/project/eodp_students/output/ism//system_mtf_cutAlt_VNIR-1
2020-11-09 23:14:25,727 - ISM - DEBUG    - TOA [0,0] 3.6884103557646966 [e-]
Finished writting: /home/luss/project/eodp_students/output/ism/ism_toa_optical_VNIR-1.nc
Saved image /home/luss/project/eodp_students/output/ism//ism_toa_optical_VNIR-1_alt50
2020-11-09 23:14:26,371 - ISM - INFO     - EODP-ALG-ISM-2000: Detection stage
2020-11-09 23:14:26,372 - ISM - INFO     - EODP-ALG-ISM-2010: Irradiances to Photons
2020-11-09 23:14:26,373 - ISM - DEBUG    - TOA [0,0] 74678558.81734696 [ph]
2020-11-09 23:14:26,373 - ISM - INFO     - EODP-ALG-ISM-2030: Photons to Electrons
2020-11-09 23:14:26,374 - ISM - DEBUG    - TOA [0,0] 59742847.05387757 [e-]
Finished writting: /home/luss/project/eodp_students/output/ism/ism_toa_e_VNIR-1.nc
2020-11-09 23:14:26,393 - ISM - INFO     - EODP-ALG-ISM-2020: PRNU
2020-11-09 23:14:26,394 - ISM - DEBUG    - TOA [0,0] 65031049.678117424 [e-]
Finished writting: /home/luss/project/eodp_students/output/ism/ism_toa_prnu_VNIR-1.nc
2020-11-09 23:14:26,405 - ISM - INFO     - EODP-ALG-ISM-2020: Dark signal
2020-11-09 23:14:26,409 - ISM - DEBUG    - Dark signal Sd [3385.82975024 3735.88697289 3859.72221426 3531.34855092 3640.82333069
 3680.04856768 3396.2860338  3126.73407608 3524.49293881 3020.33256096
 3143.97254185 3069.5632302  3213.23892282 3490.81815595 3755.87598783
 3191.76954656 3473.26274191 3349.84375346 3549.02463606 3785.50937829
 3114.96212657 3175.71204214 3301.7438837  3507.03254672 3057.05459184
 3003.38974687 3242.17612296 3248.78766356 3320.57242829 3333.52589593
 3039.27093766 3066.43204347 2996.50350566 3924.28428544 3772.16376196
 3296.29246868 3101.83647727 3259.05647059 3865.61786889 3278.20762524
 3149.09866846 3118.64098508 3197.03496183 4108.83666918 3230.11769055
 3286.44298773 3314.95383125 3539.81892347 3769.22483656 3070.4945822
 3737.55540364 3144.82996867 3409.85275367 3659.69012133 3938.31547984
 3503.33087969 3477.62151548 3996.66944833 3895.14461313 3584.22021282
 3110.09415754 3768.32854087 3713.21713705 3302.9188875  3766.20795994
 3810.37620622 3406.6237271  3137.82990465 3497.97919347 3744.94866739
 3525.05401182 3144.21139658 4097.64461968 3369.80937585 3386.26791785
 3521.4093347  3390.60405566 3137.53719002 3535.90022895 3335.29514233
 3434.68827037 3132.39175185 3109.59796883 3866.49161629 3807.50472549
 3408.42064822 3230.33991011 3216.18995658 3764.94869456 3554.08534628
 3009.11060497 3120.29562097 3095.88808556 3217.67384545 3267.6989949
 3260.48864428 3902.54677269 3405.82137474 3156.46215935 3521.08077445
 3106.21271228 3547.14813059 3522.0198641  3541.60730479 3237.02243795
 3766.89652625 3082.74306869 3831.65263522 3122.6820311  4514.05525463
 3537.22645767 3542.20745623 3849.34938088 4018.05379298 3346.30726872
 3318.24279573 3191.34736093 3199.97245441 3541.69922257 3334.79943099
 3158.185085   3980.52927256 3138.9420573  3677.60721886 3635.10938743
 3296.67830653 3520.65766874 3561.26600011 3694.26667287 3372.30773973
 3327.43861756 3408.0188091  4259.08060705 3201.98922967 3357.32332815
 3747.23942792 3578.39710951 3985.20126906 3908.41554308 3328.86967715
 3356.5141717  3602.55767404 3385.7203532  3290.54119244 3425.75457999
 3484.43285352 4410.56757661 3289.47195668 3264.43583192 3279.6277665 ] [e-]
2020-11-09 23:14:26,410 - ISM - DEBUG    - TOA [0,0] 65034435.50786767 [e-]
Finished writting: /home/luss/project/eodp_students/output/ism/ism_toa_ds_VNIR-1.nc
2020-11-09 23:14:26,421 - ISM - INFO     - EODP-ALG-ISM-2050: Bad/dead pixels
Finished writting: /home/luss/project/eodp_students/output/ism/ism_toa_detection_VNIR-1.nc
Saved image /home/luss/project/eodp_students/output/ism//ism_toa_detection_VNIR-1_alt50
2020-11-09 23:14:27,083 - ISM - INFO     - EODP-ALG-ISM-3000: Video Chain
2020-11-09 23:14:27,084 - ISM - INFO     - EODP-ALG-ISM-3010: Electrons to Voltage – Read-out and Amplification
2020-11-09 23:14:27,084 - ISM - DEBUG    - TOA [0,0] 196.66413297579186 [V]
2020-11-09 23:14:27,085 - ISM - INFO     - EODP-ALG-ISM-3020: Voltage to Digital Numbers – Digitisation
2020-11-09 23:14:27,130 - ISM - DEBUG    - TOA [0,0] 4095.0 [DN]
Saved image /home/luss/project/eodp_students/output/ism//ism_toa_vcu_VNIR-1_alt50
Finished writting: /home/luss/project/eodp_students/output/ism/ism_toa_VNIR-1.nc
2020-11-09 23:14:27,866 - ISM - INFO     - End of BAND VNIR-1
2020-11-09 23:14:27,866 - ISM - INFO     - Start of BAND VNIR-2
2020-11-09 23:14:27,870 - ISM - INFO     - EODP-ALG-ISM-1000: Optical stage
2020-11-09 23:14:27,871 - ISM - INFO     - EODP-ALG-ISM-1010: Spectral modelling. ISRF
Reading /home/luss/project/eodp_students/auxiliary//isrf/ISRF_VNIR-2.nc
2020-11-09 23:14:33,843 - ISM - DEBUG    - TOA [0,0] 0.0 [e-]
Finished writting: /home/luss/project/eodp_students/output/ism/ism_toa_isrf_VNIR-2.nc
2020-11-09 23:14:33,853 - ISM - INFO     - EODP-ALG-ISM-1020: Radiances to Irradiances
2020-11-09 23:14:33,853 - ISM - DEBUG    - TOA [0,0] 0.0 [e-]
2020-11-09 23:14:33,853 - ISM - INFO     - EODP-ALG-ISM-1030: Spatial modelling. PSF/MTF
2020-11-09 23:14:33,854 - ISM - INFO     - Calculation of the System MTF
2020-11-09 23:14:33,854 - ISM - DEBUG    - Calculation of 2D relative frequencies
2020-11-09 23:14:33,855 - ISM - DEBUG    - Calculation of the diffraction MTF
2020-11-09 23:14:33,870 - ISM - DEBUG    - Calculation of the Sysmtem MTF by multiplying the different contributors
2020-11-09 23:14:34,270 - ISM - DEBUG    - Saved image /home/luss/project/eodp_students/output/ism//system_mtf_cutAct_VNIR-2
2020-11-09 23:14:34,628 - ISM - DEBUG    - Saved image /home/luss/project/eodp_students/output/ism//system_mtf_cutAlt_VNIR-2
2020-11-09 23:14:35,055 - ISM - DEBUG    - TOA [0,0] 5.855244246787371 [e-]
Finished writting: /home/luss/project/eodp_students/output/ism/ism_toa_optical_VNIR-2.nc
Saved image /home/luss/project/eodp_students/output/ism//ism_toa_optical_VNIR-2_alt50
2020-11-09 23:14:35,719 - ISM - INFO     - EODP-ALG-ISM-2000: Detection stage
2020-11-09 23:14:35,720 - ISM - INFO     - EODP-ALG-ISM-2010: Irradiances to Photons
2020-11-09 23:14:35,720 - ISM - DEBUG    - TOA [0,0] 154204189.71759838 [ph]
2020-11-09 23:14:35,720 - ISM - INFO     - EODP-ALG-ISM-2030: Photons to Electrons
2020-11-09 23:14:35,721 - ISM - DEBUG    - TOA [0,0] 123363351.77407871 [e-]
Finished writting: /home/luss/project/eodp_students/output/ism/ism_toa_e_VNIR-2.nc
2020-11-09 23:14:35,733 - ISM - INFO     - EODP-ALG-ISM-2020: PRNU
2020-11-09 23:14:35,735 - ISM - DEBUG    - TOA [0,0] 134282992.07843822 [e-]
Finished writting: /home/luss/project/eodp_students/output/ism/ism_toa_prnu_VNIR-2.nc
2020-11-09 23:14:35,747 - ISM - INFO     - EODP-ALG-ISM-2020: Dark signal
2020-11-09 23:14:35,752 - ISM - DEBUG    - Dark signal Sd [3385.82975024 3735.88697289 3859.72221426 3531.34855092 3640.82333069
 3680.04856768 3396.2860338  3126.73407608 3524.49293881 3020.33256096
 3143.97254185 3069.5632302  3213.23892282 3490.81815595 3755.87598783
 3191.76954656 3473.26274191 3349.84375346 3549.02463606 3785.50937829
 3114.96212657 3175.71204214 3301.7438837  3507.03254672 3057.05459184
 3003.38974687 3242.17612296 3248.78766356 3320.57242829 3333.52589593
 3039.27093766 3066.43204347 2996.50350566 3924.28428544 3772.16376196
 3296.29246868 3101.83647727 3259.05647059 3865.61786889 3278.20762524
 3149.09866846 3118.64098508 3197.03496183 4108.83666918 3230.11769055
 3286.44298773 3314.95383125 3539.81892347 3769.22483656 3070.4945822
 3737.55540364 3144.82996867 3409.85275367 3659.69012133 3938.31547984
 3503.33087969 3477.62151548 3996.66944833 3895.14461313 3584.22021282
 3110.09415754 3768.32854087 3713.21713705 3302.9188875  3766.20795994
 3810.37620622 3406.6237271  3137.82990465 3497.97919347 3744.94866739
 3525.05401182 3144.21139658 4097.64461968 3369.80937585 3386.26791785
 3521.4093347  3390.60405566 3137.53719002 3535.90022895 3335.29514233
 3434.68827037 3132.39175185 3109.59796883 3866.49161629 3807.50472549
 3408.42064822 3230.33991011 3216.18995658 3764.94869456 3554.08534628
 3009.11060497 3120.29562097 3095.88808556 3217.67384545 3267.6989949
 3260.48864428 3902.54677269 3405.82137474 3156.46215935 3521.08077445
 3106.21271228 3547.14813059 3522.0198641  3541.60730479 3237.02243795
 3766.89652625 3082.74306869 3831.65263522 3122.6820311  4514.05525463
 3537.22645767 3542.20745623 3849.34938088 4018.05379298 3346.30726872
 3318.24279573 3191.34736093 3199.97245441 3541.69922257 3334.79943099
 3158.185085   3980.52927256 3138.9420573  3677.60721886 3635.10938743
 3296.67830653 3520.65766874 3561.26600011 3694.26667287 3372.30773973
 3327.43861756 3408.0188091  4259.08060705 3201.98922967 3357.32332815
 3747.23942792 3578.39710951 3985.20126906 3908.41554308 3328.86967715
 3356.5141717  3602.55767404 3385.7203532  3290.54119244 3425.75457999
 3484.43285352 4410.56757661 3289.47195668 3264.43583192 3279.6277665 ] [e-]
2020-11-09 23:14:35,753 - ISM - DEBUG    - TOA [0,0] 134286377.90818846 [e-]
Finished writting: /home/luss/project/eodp_students/output/ism/ism_toa_ds_VNIR-2.nc
2020-11-09 23:14:35,765 - ISM - INFO     - EODP-ALG-ISM-2050: Bad/dead pixels
Finished writting: /home/luss/project/eodp_students/output/ism/ism_toa_detection_VNIR-2.nc
Saved image /home/luss/project/eodp_students/output/ism//ism_toa_detection_VNIR-2_alt50
2020-11-09 23:14:36,438 - ISM - INFO     - EODP-ALG-ISM-3000: Video Chain
2020-11-09 23:14:36,439 - ISM - INFO     - EODP-ALG-ISM-3010: Electrons to Voltage – Read-out and Amplification
2020-11-09 23:14:36,439 - ISM - DEBUG    - TOA [0,0] 406.0820067943619 [V]
2020-11-09 23:14:36,439 - ISM - INFO     - EODP-ALG-ISM-3020: Voltage to Digital Numbers – Digitisation
2020-11-09 23:14:36,481 - ISM - DEBUG    - TOA [0,0] 4095.0 [DN]
Saved image /home/luss/project/eodp_students/output/ism//ism_toa_vcu_VNIR-2_alt50
Finished writting: /home/luss/project/eodp_students/output/ism/ism_toa_VNIR-2.nc
2020-11-09 23:14:37,129 - ISM - INFO     - End of BAND VNIR-2
2020-11-09 23:14:37,129 - ISM - INFO     - Start of BAND VNIR-3
2020-11-09 23:14:37,134 - ISM - INFO     - EODP-ALG-ISM-1000: Optical stage
2020-11-09 23:14:37,134 - ISM - INFO     - EODP-ALG-ISM-1010: Spectral modelling. ISRF
Reading /home/luss/project/eodp_students/auxiliary//isrf/ISRF_VNIR-3.nc
2020-11-09 23:14:42,533 - ISM - DEBUG    - TOA [0,0] 0.0 [e-]
Finished writting: /home/luss/project/eodp_students/output/ism/ism_toa_isrf_VNIR-3.nc
2020-11-09 23:14:42,543 - ISM - INFO     - EODP-ALG-ISM-1020: Radiances to Irradiances
2020-11-09 23:14:42,543 - ISM - DEBUG    - TOA [0,0] 0.0 [e-]
2020-11-09 23:14:42,543 - ISM - INFO     - EODP-ALG-ISM-1030: Spatial modelling. PSF/MTF
2020-11-09 23:14:42,544 - ISM - INFO     - Calculation of the System MTF
2020-11-09 23:14:42,544 - ISM - DEBUG    - Calculation of 2D relative frequencies
2020-11-09 23:14:42,544 - ISM - DEBUG    - Calculation of the diffraction MTF
2020-11-09 23:14:42,557 - ISM - DEBUG    - Calculation of the Sysmtem MTF by multiplying the different contributors
2020-11-09 23:14:42,933 - ISM - DEBUG    - Saved image /home/luss/project/eodp_students/output/ism//system_mtf_cutAct_VNIR-3
2020-11-09 23:14:43,358 - ISM - DEBUG    - Saved image /home/luss/project/eodp_students/output/ism//system_mtf_cutAlt_VNIR-3
2020-11-09 23:14:43,809 - ISM - DEBUG    - TOA [0,0] 6.718757846862929 [e-]
Finished writting: /home/luss/project/eodp_students/output/ism/ism_toa_optical_VNIR-3.nc
Saved image /home/luss/project/eodp_students/output/ism//ism_toa_optical_VNIR-3_alt50
2020-11-09 23:14:44,451 - ISM - INFO     - EODP-ALG-ISM-2000: Detection stage
2020-11-09 23:14:44,452 - ISM - INFO     - EODP-ALG-ISM-2010: Irradiances to Photons
2020-11-09 23:14:44,452 - ISM - DEBUG    - TOA [0,0] 193310679.52066293 [ph]
2020-11-09 23:14:44,452 - ISM - INFO     - EODP-ALG-ISM-2030: Photons to Electrons
2020-11-09 23:14:44,453 - ISM - DEBUG    - TOA [0,0] 154648543.61653036 [e-]
Finished writting: /home/luss/project/eodp_students/output/ism/ism_toa_e_VNIR-3.nc
2020-11-09 23:14:44,465 - ISM - INFO     - EODP-ALG-ISM-2020: PRNU
2020-11-09 23:14:44,467 - ISM - DEBUG    - TOA [0,0] 168337426.46220866 [e-]
Finished writting: /home/luss/project/eodp_students/output/ism/ism_toa_prnu_VNIR-3.nc
2020-11-09 23:14:44,479 - ISM - INFO     - EODP-ALG-ISM-2020: Dark signal
2020-11-09 23:14:44,483 - ISM - DEBUG    - Dark signal Sd [3385.82975024 3735.88697289 3859.72221426 3531.34855092 3640.82333069
 3680.04856768 3396.2860338  3126.73407608 3524.49293881 3020.33256096
 3143.97254185 3069.5632302  3213.23892282 3490.81815595 3755.87598783
 3191.76954656 3473.26274191 3349.84375346 3549.02463606 3785.50937829
 3114.96212657 3175.71204214 3301.7438837  3507.03254672 3057.05459184
 3003.38974687 3242.17612296 3248.78766356 3320.57242829 3333.52589593
 3039.27093766 3066.43204347 2996.50350566 3924.28428544 3772.16376196
 3296.29246868 3101.83647727 3259.05647059 3865.61786889 3278.20762524
 3149.09866846 3118.64098508 3197.03496183 4108.83666918 3230.11769055
 3286.44298773 3314.95383125 3539.81892347 3769.22483656 3070.4945822
 3737.55540364 3144.82996867 3409.85275367 3659.69012133 3938.31547984
 3503.33087969 3477.62151548 3996.66944833 3895.14461313 3584.22021282
 3110.09415754 3768.32854087 3713.21713705 3302.9188875  3766.20795994
 3810.37620622 3406.6237271  3137.82990465 3497.97919347 3744.94866739
 3525.05401182 3144.21139658 4097.64461968 3369.80937585 3386.26791785
 3521.4093347  3390.60405566 3137.53719002 3535.90022895 3335.29514233
 3434.68827037 3132.39175185 3109.59796883 3866.49161629 3807.50472549
 3408.42064822 3230.33991011 3216.18995658 3764.94869456 3554.08534628
 3009.11060497 3120.29562097 3095.88808556 3217.67384545 3267.6989949
 3260.48864428 3902.54677269 3405.82137474 3156.46215935 3521.08077445
 3106.21271228 3547.14813059 3522.0198641  3541.60730479 3237.02243795
 3766.89652625 3082.74306869 3831.65263522 3122.6820311  4514.05525463
 3537.22645767 3542.20745623 3849.34938088 4018.05379298 3346.30726872
 3318.24279573 3191.34736093 3199.97245441 3541.69922257 3334.79943099
 3158.185085   3980.52927256 3138.9420573  3677.60721886 3635.10938743
 3296.67830653 3520.65766874 3561.26600011 3694.26667287 3372.30773973
 3327.43861756 3408.0188091  4259.08060705 3201.98922967 3357.32332815
 3747.23942792 3578.39710951 3985.20126906 3908.41554308 3328.86967715
 3356.5141717  3602.55767404 3385.7203532  3290.54119244 3425.75457999
 3484.43285352 4410.56757661 3289.47195668 3264.43583192 3279.6277665 ] [e-]
2020-11-09 23:14:44,484 - ISM - DEBUG    - TOA [0,0] 168340812.2919589 [e-]
Finished writting: /home/luss/project/eodp_students/output/ism/ism_toa_ds_VNIR-3.nc
2020-11-09 23:14:44,497 - ISM - INFO     - EODP-ALG-ISM-2050: Bad/dead pixels
Finished writting: /home/luss/project/eodp_students/output/ism/ism_toa_detection_VNIR-3.nc
Saved image /home/luss/project/eodp_students/output/ism//ism_toa_detection_VNIR-3_alt50
2020-11-09 23:14:45,142 - ISM - INFO     - EODP-ALG-ISM-3000: Video Chain
2020-11-09 23:14:45,142 - ISM - INFO     - EODP-ALG-ISM-3010: Electrons to Voltage – Read-out and Amplification
2020-11-09 23:14:45,142 - ISM - DEBUG    - TOA [0,0] 509.06261637088375 [V]
2020-11-09 23:14:45,143 - ISM - INFO     - EODP-ALG-ISM-3020: Voltage to Digital Numbers – Digitisation
2020-11-09 23:14:45,196 - ISM - DEBUG    - TOA [0,0] 4095.0 [DN]
Saved image /home/luss/project/eodp_students/output/ism//ism_toa_vcu_VNIR-3_alt50
Finished writting: /home/luss/project/eodp_students/output/ism/ism_toa_VNIR-3.nc
2020-11-09 23:14:45,934 - ISM - INFO     - End of BAND VNIR-3
2020-11-09 23:14:45,934 - ISM - INFO     - End of the Instrument Module!
