L1B auxdir: /home/luss/project/eodp_students/auxiliary
L1B indir: /home/luss/project/eodp_data/EODP-TS-L1B/input
L1B outdir: /home/luss/project/eodp_students/output/l1b
2020-11-09 23:10:39,205 - L1B - INFO     - Start of the L1B Processing Module
2020-11-09 23:10:39,206 - L1B - INFO     - Start of BAND VNIR-0
Reading /home/luss/project/eodp_data/EODP-TS-L1B/input/ism_toa_VNIR-0.nc
Size of matrix (100, 150)
2020-11-09 23:10:39,215 - L1B - INFO     - EODP-ALG-L1B-1010: Radiometric Correction (equalization)
Reading /home/luss/project/eodp_students/auxiliary/equalization/eq_mult_VNIR-0.nc
Size of matrix (150,)
Reading /home/luss/project/eodp_students/auxiliary/equalization/eq_add_VNIR-0.nc
Size of matrix (150,)
Finished writting: /home/luss/project/eodp_students/output/l1b/l1b_toa_eq_VNIR-0.nc
2020-11-09 23:10:39,235 - L1B - INFO     - EODP-ALG-L1B-1020: Absolute radiometric gain application (restoration)
2020-11-09 23:10:39,235 - L1B - DEBUG    - Sanity check. TOA in radiances after gain application 115.68311155586305 [mW/m2/sr]
Finished writting: /home/luss/project/eodp_students/output/l1b/l1b_toa_VNIR-0.nc
2020-11-09 23:10:39,249 - L1B - INFO     - End of BAND VNIR-0
2020-11-09 23:10:39,249 - L1B - INFO     - Start of BAND VNIR-1
Reading /home/luss/project/eodp_data/EODP-TS-L1B/input/ism_toa_VNIR-1.nc
Size of matrix (100, 150)
2020-11-09 23:10:39,253 - L1B - INFO     - EODP-ALG-L1B-1010: Radiometric Correction (equalization)
Reading /home/luss/project/eodp_students/auxiliary/equalization/eq_mult_VNIR-1.nc
Size of matrix (150,)
Reading /home/luss/project/eodp_students/auxiliary/equalization/eq_add_VNIR-1.nc
Size of matrix (150,)
Finished writting: /home/luss/project/eodp_students/output/l1b/l1b_toa_eq_VNIR-1.nc
2020-11-09 23:10:39,272 - L1B - INFO     - EODP-ALG-L1B-1020: Absolute radiometric gain application (restoration)
2020-11-09 23:10:39,272 - L1B - DEBUG    - Sanity check. TOA in radiances after gain application 279.91675671943364 [mW/m2/sr]
Finished writting: /home/luss/project/eodp_students/output/l1b/l1b_toa_VNIR-1.nc
2020-11-09 23:10:39,285 - L1B - INFO     - End of BAND VNIR-1
2020-11-09 23:10:39,285 - L1B - INFO     - Start of BAND VNIR-2
Reading /home/luss/project/eodp_data/EODP-TS-L1B/input/ism_toa_VNIR-2.nc
Size of matrix (100, 150)
2020-11-09 23:10:39,290 - L1B - INFO     - EODP-ALG-L1B-1010: Radiometric Correction (equalization)
Reading /home/luss/project/eodp_students/auxiliary/equalization/eq_mult_VNIR-2.nc
Size of matrix (150,)
Reading /home/luss/project/eodp_students/auxiliary/equalization/eq_add_VNIR-2.nc
Size of matrix (150,)
Finished writting: /home/luss/project/eodp_students/output/l1b/l1b_toa_eq_VNIR-2.nc
2020-11-09 23:10:39,310 - L1B - INFO     - EODP-ALG-L1B-1020: Absolute radiometric gain application (restoration)
2020-11-09 23:10:39,311 - L1B - DEBUG    - Sanity check. TOA in radiances after gain application 215.19851831318115 [mW/m2/sr]
Finished writting: /home/luss/project/eodp_students/output/l1b/l1b_toa_VNIR-2.nc
2020-11-09 23:10:39,325 - L1B - INFO     - End of BAND VNIR-2
2020-11-09 23:10:39,325 - L1B - INFO     - Start of BAND VNIR-3
Reading /home/luss/project/eodp_data/EODP-TS-L1B/input/ism_toa_VNIR-3.nc
Size of matrix (100, 150)
2020-11-09 23:10:39,330 - L1B - INFO     - EODP-ALG-L1B-1010: Radiometric Correction (equalization)
Reading /home/luss/project/eodp_students/auxiliary/equalization/eq_mult_VNIR-3.nc
Size of matrix (150,)
Reading /home/luss/project/eodp_students/auxiliary/equalization/eq_add_VNIR-3.nc
Size of matrix (150,)
Finished writting: /home/luss/project/eodp_students/output/l1b/l1b_toa_eq_VNIR-3.nc
2020-11-09 23:10:39,353 - L1B - INFO     - EODP-ALG-L1B-1020: Absolute radiometric gain application (restoration)
2020-11-09 23:10:39,354 - L1B - DEBUG    - Sanity check. TOA in radiances after gain application 196.98798035458742 [mW/m2/sr]
Finished writting: /home/luss/project/eodp_students/output/l1b/l1b_toa_VNIR-3.nc
2020-11-09 23:10:39,367 - L1B - INFO     - End of BAND VNIR-3
2020-11-09 23:10:39,367 - L1B - INFO     - End of the L1B Module!
